Virtual User Script started at: 11.09.2022 15:07:45
Starting action vuser_init.
Web Turbo Replay of LoadRunner 2021.0.0 for Windows 10; build 430 (џэт 05 2021 19:27:22)  	[MsgId: MMSG-26983]
Run mode: HTML  	[MsgId: MMSG-26993]
Replay user agent: Mozilla/5.0 (compatible; MSIE 10.0; Windows NT 6.1; Trident/6.0)  	[MsgId: MMSG-26988]
Runtime Settings file: "C:\VuGen\Scripts\UC03_ByeFlight\\default.cfg"  	[MsgId: MMSG-27141]
Ending action vuser_init.
Running Vuser...
Starting iteration 1.
Maximum number of concurrent connections per server: 6  	[MsgId: MMSG-26989]
Starting action Action.
Action.c(5): web_reg_save_param_attrib started  	[MsgId: MMSG-26355]
Action.c(5): Registering web_reg_save_param_attrib was successful  	[MsgId: MMSG-26390]
Action.c(16): Notify: Transaction "home Page" started.
Action.c(18): web_reg_find started  	[MsgId: MMSG-26355]
Action.c(18): Registering web_reg_find was successful  	[MsgId: MMSG-26390]
Action.c(22): web_url("WebTours") started  	[MsgId: MMSG-26355]
Action.c(22): Redirecting "http://localhost:1080/WebTours" (redirection depth is 0)  	[MsgId: MMSG-26694]
Action.c(22): To location "http://localhost:1080/WebTours/"  	[MsgId: MMSG-26693]
Action.c(22): Detected non-resource "http://localhost:1080/WebTours/header.html" in "http://localhost:1080/WebTours/"  	[MsgId: MMSG-26574]
Action.c(22): Detected non-resource "http://localhost:1080/cgi-bin/welcome.pl?signOff=true" in "http://localhost:1080/WebTours/"  	[MsgId: MMSG-26574]
Action.c(22): Found resource "http://localhost:1080/WebTours/images/hp_logo.png" in HTML "http://localhost:1080/WebTours/header.html"  	[MsgId: MMSG-26659]
Action.c(22): Found resource "http://localhost:1080/WebTours/images/webtours.png" in HTML "http://localhost:1080/WebTours/header.html"  	[MsgId: MMSG-26659]
Action.c(22): Detected non-resource "http://localhost:1080/cgi-bin/nav.pl?in=home" in "http://localhost:1080/cgi-bin/welcome.pl?signOff=true"  	[MsgId: MMSG-26574]
Action.c(22): Detected non-resource "http://localhost:1080/WebTours/home.html" in "http://localhost:1080/cgi-bin/welcome.pl?signOff=true"  	[MsgId: MMSG-26574]
Action.c(22): Found resource "http://localhost:1080/WebTours/images/mer_login.gif" in HTML "http://localhost:1080/cgi-bin/nav.pl?in=home"  	[MsgId: MMSG-26659]
Action.c(22): Registered web_reg_find successful for "Text=sign up now" (count=1)  	[MsgId: MMSG-26364]
Action.c(22): web_url("WebTours") was successful, 10318 body bytes, 2637 header bytes, 24 chunking overhead bytes  	[MsgId: MMSG-26385]
Action.c(32): Notify: Transaction "home Page" ended with a "Pass" status (Duration: 1.9691 Wasted Time: 0.9443).
Action.c(34): web_set_sockets_option started  	[MsgId: MMSG-26355]
Action.c(34): web_set_sockets_option was successful  	[MsgId: MMSG-26392]
Action.c(36): Notify: Transaction "click login" started.
Action.c(38): web_reg_find started  	[MsgId: MMSG-26355]
Action.c(38): Registering web_reg_find was successful  	[MsgId: MMSG-26390]
Action.c(42): web_submit_data("login.pl") started  	[MsgId: MMSG-26355]
Action.c(42): Detected non-resource "http://localhost:1080/cgi-bin/nav.pl?page=menu&in=home" in "http://localhost:1080/cgi-bin/login.pl"  	[MsgId: MMSG-26574]
Action.c(42): Detected non-resource "http://localhost:1080/cgi-bin/login.pl?intro=true" in "http://localhost:1080/cgi-bin/login.pl"  	[MsgId: MMSG-26574]
Action.c(42): Found resource "http://localhost:1080/WebTours/images/flights.gif" in HTML "http://localhost:1080/cgi-bin/nav.pl?page=menu&in=home"  	[MsgId: MMSG-26659]
Action.c(42): Found resource "http://localhost:1080/WebTours/images/itinerary.gif" in HTML "http://localhost:1080/cgi-bin/nav.pl?page=menu&in=home"  	[MsgId: MMSG-26659]
Action.c(42): Found resource "http://localhost:1080/WebTours/images/in_home.gif" in HTML "http://localhost:1080/cgi-bin/nav.pl?page=menu&in=home"  	[MsgId: MMSG-26659]
Action.c(42): Found resource "http://localhost:1080/WebTours/images/signoff.gif" in HTML "http://localhost:1080/cgi-bin/nav.pl?page=menu&in=home"  	[MsgId: MMSG-26659]
Action.c(42): Registered web_reg_find successful for "Text=User password was correct" (count=1)  	[MsgId: MMSG-26364]
Action.c(42): web_submit_data("login.pl") was successful, 5779 body bytes, 2031 header bytes, 36 chunking overhead bytes  	[MsgId: MMSG-26385]
Action.c(59): Notify: Transaction "click login" ended with a "Pass" status (Duration: 1,2395 Wasted Time: 0,4340).
Action.c(63): Notify: Transaction "click flights" started.
Action.c(65): web_reg_find started  	[MsgId: MMSG-26355]
Action.c(65): Registering web_reg_find was successful  	[MsgId: MMSG-26390]
Action.c(69): web_url("Search Flights Button") started  	[MsgId: MMSG-26355]
Action.c(69): Detected non-resource "http://localhost:1080/cgi-bin/nav.pl?page=menu&in=flights" in "http://localhost:1080/cgi-bin/welcome.pl?page=search"  	[MsgId: MMSG-26574]
Action.c(69): Detected non-resource "http://localhost:1080/cgi-bin/reservations.pl?page=welcome" in "http://localhost:1080/cgi-bin/welcome.pl?page=search"  	[MsgId: MMSG-26574]
Action.c(69): Found resource "http://localhost:1080/WebTours/images/in_flights.gif" in HTML "http://localhost:1080/cgi-bin/nav.pl?page=menu&in=flights"  	[MsgId: MMSG-26659]
Action.c(69): Resource "http://localhost:1080/WebTours/images/itinerary.gif" is in the cache already and will not be downloaded again  	[MsgId: MMSG-26655]
Action.c(69): Found resource "http://localhost:1080/WebTours/images/home.gif" in HTML "http://localhost:1080/cgi-bin/nav.pl?page=menu&in=flights"  	[MsgId: MMSG-26659]
Action.c(69): Resource "http://localhost:1080/WebTours/images/signoff.gif" is in the cache already and will not be downloaded again  	[MsgId: MMSG-26655]
Action.c(69): Found resource "http://localhost:1080/WebTours/images/button_next.gif" in HTML "http://localhost:1080/cgi-bin/reservations.pl?page=welcome"  	[MsgId: MMSG-26659]
Action.c(69): Registered web_reg_find successful for "Text=Departure City" (count=1)  	[MsgId: MMSG-26364]
Action.c(69): web_url("Search Flights Button") was successful, 8516 body bytes, 1616 header bytes, 43 chunking overhead bytes  	[MsgId: MMSG-26385]
Action.c(79): Notify: Transaction "click flights" ended with a "Pass" status (Duration: 1,2253 Wasted Time: 0,3550).
Action.c(83): web_reg_save_param started  	[MsgId: MMSG-26355]
Action.c(83): Registering web_reg_save_param was successful  	[MsgId: MMSG-26390]
Action.c(88): Notify: Transaction "find flight" started.
Action.c(90): web_reg_find started  	[MsgId: MMSG-26355]
Action.c(90): Registering web_reg_find was successful  	[MsgId: MMSG-26390]
Action.c(95): web_submit_data("reservations.pl") started  	[MsgId: MMSG-26355]
Action.c(95): Resource "http://localhost:1080/WebTours/images/button_next.gif" is in the cache already and will not be downloaded again  	[MsgId: MMSG-26655]
Action.c(95): Registered web_reg_find successful for "Text=Flight departing from" (count=1)  	[MsgId: MMSG-26364]
Action.c(95): web_submit_data("reservations.pl") was successful, 2440 body bytes, 255 header bytes, 12 chunking overhead bytes  	[MsgId: MMSG-26385]
Action.c(119): Notify: Transaction "find flight" ended with a "Pass" status (Duration: 0,5562 Wasted Time: 0,1590).
Action.c(123): Notify: Transaction "choose flight" started.
Action.c(125): web_reg_find started  	[MsgId: MMSG-26355]
Action.c(125): Registering web_reg_find was successful  	[MsgId: MMSG-26390]
Action.c(130): web_submit_data("reservations.pl_2") started  	[MsgId: MMSG-26355]
Action.c(130): Resource "http://localhost:1080/WebTours/images/button_next.gif" is in the cache already and will not be downloaded again  	[MsgId: MMSG-26655]
Action.c(130): Registered web_reg_find successful for "Text=Credit Card" (count=2)  	[MsgId: MMSG-26364]
Action.c(130): web_submit_data("reservations.pl_2") was successful, 2698 body bytes, 255 header bytes, 12 chunking overhead bytes  	[MsgId: MMSG-26385]
Action.c(148): Notify: Transaction "choose flight" ended with a "Pass" status (Duration: 0,6025 Wasted Time: 0,1535).
Action.c(152): Notify: Transaction "payment" started.
Action.c(154): web_reg_find started  	[MsgId: MMSG-26355]
Action.c(154): Registering web_reg_find was successful  	[MsgId: MMSG-26390]
Action.c(158): web_submit_data("reservations.pl_3") started  	[MsgId: MMSG-26355]
Action.c(158): Found resource "http://localhost:1080/WebTours/images/bookanother.gif" in HTML "http://localhost:1080/cgi-bin/reservations.pl"  	[MsgId: MMSG-26659]
Action.c(158): Registered web_reg_find successful for "Text=Thank you for booking through Web Tours." (count=1)  	[MsgId: MMSG-26364]
Action.c(158): web_submit_data("reservations.pl_3") was successful, 3294 body bytes, 658 header bytes, 12 chunking overhead bytes  	[MsgId: MMSG-26385]
Action.c(187): Notify: Transaction "payment" ended with a "Pass" status (Duration: 0.7433 Wasted Time: 0.2098).
Action.c(191): Notify: Transaction "sign off" started.
Action.c(193): web_reg_find started  	[MsgId: MMSG-26355]
Action.c(193): Registering web_reg_find was successful  	[MsgId: MMSG-26390]
Action.c(197): web_url("SignOff Button") started  	[MsgId: MMSG-26355]
Action.c(197): Detected non-resource "http://localhost:1080/cgi-bin/nav.pl?in=home" in "http://localhost:1080/cgi-bin/welcome.pl?signOff=1"  	[MsgId: MMSG-26574]
Action.c(197): Detected non-resource "http://localhost:1080/WebTours/home.html" in "http://localhost:1080/cgi-bin/welcome.pl?signOff=1"  	[MsgId: MMSG-26574]
Action.c(197): Retrieving data from cache for "http://localhost:1080/WebTours/home.html"  	[MsgId: MMSG-26558]
Action.c(197): Resource "http://localhost:1080/WebTours/images/mer_login.gif" is in the cache already and will not be downloaded again  	[MsgId: MMSG-26655]
Action.c(197): Registered web_reg_find successful for "Text=Welcome to the Web Tours site." (count=1)  	[MsgId: MMSG-26364]
Action.c(197): web_url("SignOff Button") was successful, 2174 body bytes, 582 header bytes, 24 chunking overhead bytes  	[MsgId: MMSG-26385]
Action.c(207): Notify: Transaction "sign off" ended with a "Pass" status (Duration: 0,8354 Wasted Time: 0,2188).
Ending action Action.
Ending iteration 1.
Ending Vuser...
Starting action vuser_end.
Ending action vuser_end.
Vuser Terminated.
